2025-11-08 09:33:50,867 - INFO - Received webhook: {
  "receiver": "webhook",
  "status": "firing",
  "alerts": [
    {
      "status": "firing",
      "labels": {
        "alertname": "NginxDown",
        "instance": "http://nginx:80",
        "job": "nginx",
        "severity": "critical"
      },
      "annotations": {
        "description": "The NGINX endpoint failed the probe for more than 10 seconds.",
        "summary": "NGINX service is down"
      },
      "startsAt": "2025-11-08T09:33:40.846Z",
      "endsAt": "0001-01-01T00:00:00Z",
      "generatorURL": "http://5ca2715e7212:9090/graph?g0.expr=probe_success%7Bjob%3D%22nginx%22%7D+%3D%3D+0&g0.tab=1",
      "fingerprint": "168e23760331815a"
    }
  ],
  "groupLabels": {
    "alertname": "NginxDown"
  },
  "commonLabels": {
    "alertname": "NginxDown",
    "instance": "http://nginx:80",
    "job": "nginx",
    "severity": "critical"
  },
  "commonAnnotations": {
    "description": "The NGINX endpoint failed the probe for more than 10 seconds.",
    "summary": "NGINX service is down"
  },
  "externalURL": "http://localhost:9093",
  "version": "4",
  "groupKey": "{}:{alertname=\"NginxDown\"}",
  "truncatedAlerts": 0
}
2025-11-08 09:33:50,868 - INFO - Processing alert: NginxDown with status: firing
2025-11-08 09:33:50,868 - INFO - Executing command: ansible-playbook /app/ansible/heal-nginx.yml -i localhost, --connection local --extra-vars {"alert_name": "NginxDown", "alert_instance": "http://nginx:80", "alert_severity": "critical"}
2025-11-08 09:34:12,233 - ERROR - Playbook execution failed: [WARNING]: Host 'localhost' is using the discovered Python interpreter at '/usr/bin/python3.13', but future installation of another Python interpreter could cause a different interpreter to be discovered. See https://docs.ansible.com/ansible-core/2.19/reference_appendices/interpreter_discovery.html for more information.

2025-11-08 09:34:12,235 - ERROR - Failed to execute healing for NginxDown
2025-11-08 09:34:20,863 - INFO - Received webhook: {
  "receiver": "webhook",
  "status": "resolved",
  "alerts": [
    {
      "status": "resolved",
      "labels": {
        "alertname": "NginxDown",
        "instance": "http://nginx:80",
        "job": "nginx",
        "severity": "critical"
      },
      "annotations": {
        "description": "The NGINX endpoint failed the probe for more than 10 seconds.",
        "summary": "NGINX service is down"
      },
      "startsAt": "2025-11-08T09:33:40.846Z",
      "endsAt": "2025-11-08T09:33:55.846Z",
      "generatorURL": "http://5ca2715e7212:9090/graph?g0.expr=probe_success%7Bjob%3D%22nginx%22%7D+%3D%3D+0&g0.tab=1",
      "fingerprint": "168e23760331815a"
    }
  ],
  "groupLabels": {
    "alertname": "NginxDown"
  },
  "commonLabels": {
    "alertname": "NginxDown",
    "instance": "http://nginx:80",
    "job": "nginx",
    "severity": "critical"
  },
  "commonAnnotations": {
    "description": "The NGINX endpoint failed the probe for more than 10 seconds.",
    "summary": "NGINX service is down"
  },
  "externalURL": "http://localhost:9093",
  "version": "4",
  "groupKey": "{}:{alertname=\"NginxDown\"}",
  "truncatedAlerts": 0
}
2025-11-08 09:34:20,864 - INFO - Processing alert: NginxDown with status: resolved
2025-11-08 09:34:20,864 - INFO - Alert NginxDown has been resolved
2025-11-08 09:35:05,851 - INFO - Received webhook: {
  "receiver": "webhook",
  "status": "firing",
  "alerts": [
    {
      "status": "firing",
      "labels": {
        "alertname": "NginxDown",
        "instance": "http://nginx:80",
        "job": "nginx",
        "severity": "critical"
      },
      "annotations": {
        "description": "The NGINX endpoint failed the probe for more than 10 seconds.",
        "summary": "NGINX service is down"
      },
      "startsAt": "2025-11-08T09:34:55.846Z",
      "endsAt": "0001-01-01T00:00:00Z",
      "generatorURL": "http://5ca2715e7212:9090/graph?g0.expr=probe_success%7Bjob%3D%22nginx%22%7D+%3D%3D+0&g0.tab=1",
      "fingerprint": "168e23760331815a"
    }
  ],
  "groupLabels": {
    "alertname": "NginxDown"
  },
  "commonLabels": {
    "alertname": "NginxDown",
    "instance": "http://nginx:80",
    "job": "nginx",
    "severity": "critical"
  },
  "commonAnnotations": {
    "description": "The NGINX endpoint failed the probe for more than 10 seconds.",
    "summary": "NGINX service is down"
  },
  "externalURL": "http://localhost:9093",
  "version": "4",
  "groupKey": "{}:{alertname=\"NginxDown\"}",
  "truncatedAlerts": 0
}
2025-11-08 09:35:05,851 - INFO - Processing alert: NginxDown with status: firing
2025-11-08 09:35:05,851 - INFO - Executing command: ansible-playbook /app/ansible/heal-nginx.yml -i localhost, --connection local --extra-vars {"alert_name": "NginxDown", "alert_instance": "http://nginx:80", "alert_severity": "critical"}
2025-11-08 09:35:20,865 - INFO - Received webhook: {
  "receiver": "webhook",
  "status": "firing",
  "alerts": [
    {
      "status": "firing",
      "labels": {
        "alertname": "NginxServiceUnhealthy",
        "instance": "http://nginx:80",
        "job": "nginx",
        "severity": "critical"
      },
      "annotations": {
        "description": "The NGINX probe check is failing consistently for 30 seconds.",
        "summary": "NGINX service is unhealthy"
      },
      "startsAt": "2025-11-08T09:35:10.846Z",
      "endsAt": "0001-01-01T00:00:00Z",
      "generatorURL": "http://5ca2715e7212:9090/graph?g0.expr=probe_success%7Bjob%3D%22nginx%22%7D+%3D%3D+0&g0.tab=1",
      "fingerprint": "5555f396689c66a7"
    }
  ],
  "groupLabels": {
    "alertname": "NginxServiceUnhealthy"
  },
  "commonLabels": {
    "alertname": "NginxServiceUnhealthy",
    "instance": "http://nginx:80",
    "job": "nginx",
    "severity": "critical"
  },
  "commonAnnotations": {
    "description": "The NGINX probe check is failing consistently for 30 seconds.",
    "summary": "NGINX service is unhealthy"
  },
  "externalURL": "http://localhost:9093",
  "version": "4",
  "groupKey": "{}:{alertname=\"NginxServiceUnhealthy\"}",
  "truncatedAlerts": 0
}
2025-11-08 09:35:20,867 - INFO - Processing alert: NginxServiceUnhealthy with status: firing
2025-11-08 09:35:20,868 - INFO - Executing command: ansible-playbook /app/ansible/heal-nginx.yml -i localhost, --connection local --extra-vars {"alert_name": "NginxServiceUnhealthy", "alert_instance": "http://nginx:80", "alert_severity": "critical"}
2025-11-08 09:35:40,935 - ERROR - Playbook execution failed: [WARNING]: Host 'localhost' is using the discovered Python interpreter at '/usr/bin/python3.13', but future installation of another Python interpreter could cause a different interpreter to be discovered. See https://docs.ansible.com/ansible-core/2.19/reference_appendices/interpreter_discovery.html for more information.

2025-11-08 09:35:40,937 - ERROR - Failed to execute healing for NginxServiceUnhealthy
2025-11-08 09:35:50,871 - INFO - Received webhook: {
  "receiver": "webhook",
  "status": "resolved",
  "alerts": [
    {
      "status": "resolved",
      "labels": {
        "alertname": "NginxServiceUnhealthy",
        "instance": "http://nginx:80",
        "job": "nginx",
        "severity": "critical"
      },
      "annotations": {
        "description": "The NGINX probe check is failing consistently for 30 seconds.",
        "summary": "NGINX service is unhealthy"
      },
      "startsAt": "2025-11-08T09:35:10.846Z",
      "endsAt": "2025-11-08T09:35:25.846Z",
      "generatorURL": "http://5ca2715e7212:9090/graph?g0.expr=probe_success%7Bjob%3D%22nginx%22%7D+%3D%3D+0&g0.tab=1",
      "fingerprint": "5555f396689c66a7"
    }
  ],
  "groupLabels": {
    "alertname": "NginxServiceUnhealthy"
  },
  "commonLabels": {
    "alertname": "NginxServiceUnhealthy",
    "instance": "http://nginx:80",
    "job": "nginx",
    "severity": "critical"
  },
  "commonAnnotations": {
    "description": "The NGINX probe check is failing consistently for 30 seconds.",
    "summary": "NGINX service is unhealthy"
  },
  "externalURL": "http://localhost:9093",
  "version": "4",
  "groupKey": "{}:{alertname=\"NginxServiceUnhealthy\"}",
  "truncatedAlerts": 0
}
2025-11-08 09:35:50,871 - INFO - Processing alert: NginxServiceUnhealthy with status: resolved
2025-11-08 09:35:50,871 - INFO - Alert NginxServiceUnhealthy has been resolved
2025-11-08 09:51:20,857 - INFO - Received webhook: {
  "receiver": "webhook",
  "status": "firing",
  "alerts": [
    {
      "status": "firing",
      "labels": {
        "alertname": "SystemHighCPU",
        "instance": "node-exporter:9100",
        "severity": "warning"
      },
      "annotations": {
        "description": "Host CPU usage is above 90% for over 2 minutes.",
        "summary": "High system CPU usage"
      },
      "startsAt": "2025-11-08T09:51:10.846Z",
      "endsAt": "0001-01-01T00:00:00Z",
      "generatorURL": "http://5ca2715e7212:9090/graph?g0.expr=100+-+%28avg+by+%28instance%29+%28rate%28node_cpu_seconds_total%7Bmode%3D%22idle%22%7D%5B5m%5D%29%29+%2A+100%29+%3E+90&g0.tab=1",
      "fingerprint": "4d8b8e6ef104084b"
    }
  ],
  "groupLabels": {
    "alertname": "SystemHighCPU"
  },
  "commonLabels": {
    "alertname": "SystemHighCPU",
    "instance": "node-exporter:9100",
    "severity": "warning"
  },
  "commonAnnotations": {
    "description": "Host CPU usage is above 90% for over 2 minutes.",
    "summary": "High system CPU usage"
  },
  "externalURL": "http://localhost:9093",
  "version": "4",
  "groupKey": "{}:{alertname=\"SystemHighCPU\"}",
  "truncatedAlerts": 0
}
2025-11-08 09:51:20,857 - INFO - Processing alert: SystemHighCPU with status: firing
2025-11-08 10:51:20,960 - INFO - Received webhook: {
  "receiver": "webhook",
  "status": "firing",
  "alerts": [
    {
      "status": "firing",
      "labels": {
        "alertname": "SystemHighCPU",
        "instance": "node-exporter:9100",
        "severity": "warning"
      },
      "annotations": {
        "description": "Host CPU usage is above 90% for over 2 minutes.",
        "summary": "High system CPU usage"
      },
      "startsAt": "2025-11-08T09:51:10.846Z",
      "endsAt": "0001-01-01T00:00:00Z",
      "generatorURL": "http://5ca2715e7212:9090/graph?g0.expr=100+-+%28avg+by+%28instance%29+%28rate%28node_cpu_seconds_total%7Bmode%3D%22idle%22%7D%5B5m%5D%29%29+%2A+100%29+%3E+90&g0.tab=1",
      "fingerprint": "4d8b8e6ef104084b"
    }
  ],
  "groupLabels": {
    "alertname": "SystemHighCPU"
  },
  "commonLabels": {
    "alertname": "SystemHighCPU",
    "instance": "node-exporter:9100",
    "severity": "warning"
  },
  "commonAnnotations": {
    "description": "Host CPU usage is above 90% for over 2 minutes.",
    "summary": "High system CPU usage"
  },
  "externalURL": "http://localhost:9093",
  "version": "4",
  "groupKey": "{}:{alertname=\"SystemHighCPU\"}",
  "truncatedAlerts": 0
}
2025-11-08 10:51:20,960 - INFO - Processing alert: SystemHighCPU with status: firing
2025-11-08 11:51:21,677 - INFO - Received webhook: {
  "receiver": "webhook",
  "status": "firing",
  "alerts": [
    {
      "status": "firing",
      "labels": {
        "alertname": "SystemHighCPU",
        "instance": "node-exporter:9100",
        "severity": "warning"
      },
      "annotations": {
        "description": "Host CPU usage is above 90% for over 2 minutes.",
        "summary": "High system CPU usage"
      },
      "startsAt": "2025-11-08T09:51:10.846Z",
      "endsAt": "0001-01-01T00:00:00Z",
      "generatorURL": "http://5ca2715e7212:9090/graph?g0.expr=100+-+%28avg+by+%28instance%29+%28rate%28node_cpu_seconds_total%7Bmode%3D%22idle%22%7D%5B5m%5D%29%29+%2A+100%29+%3E+90&g0.tab=1",
      "fingerprint": "4d8b8e6ef104084b"
    }
  ],
  "groupLabels": {
    "alertname": "SystemHighCPU"
  },
  "commonLabels": {
    "alertname": "SystemHighCPU",
    "instance": "node-exporter:9100",
    "severity": "warning"
  },
  "commonAnnotations": {
    "description": "Host CPU usage is above 90% for over 2 minutes.",
    "summary": "High system CPU usage"
  },
  "externalURL": "http://localhost:9093",
  "version": "4",
  "groupKey": "{}:{alertname=\"SystemHighCPU\"}",
  "truncatedAlerts": 0
}
2025-11-08 11:51:21,678 - INFO - Processing alert: SystemHighCPU with status: firing
2025-11-08 12:51:22,473 - INFO - Received webhook: {
  "receiver": "webhook",
  "status": "firing",
  "alerts": [
    {
      "status": "firing",
      "labels": {
        "alertname": "SystemHighCPU",
        "instance": "node-exporter:9100",
        "severity": "warning"
      },
      "annotations": {
        "description": "Host CPU usage is above 90% for over 2 minutes.",
        "summary": "High system CPU usage"
      },
      "startsAt": "2025-11-08T09:51:10.846Z",
      "endsAt": "0001-01-01T00:00:00Z",
      "generatorURL": "http://5ca2715e7212:9090/graph?g0.expr=100+-+%28avg+by+%28instance%29+%28rate%28node_cpu_seconds_total%7Bmode%3D%22idle%22%7D%5B5m%5D%29%29+%2A+100%29+%3E+90&g0.tab=1",
      "fingerprint": "4d8b8e6ef104084b"
    }
  ],
  "groupLabels": {
    "alertname": "SystemHighCPU"
  },
  "commonLabels": {
    "alertname": "SystemHighCPU",
    "instance": "node-exporter:9100",
    "severity": "warning"
  },
  "commonAnnotations": {
    "description": "Host CPU usage is above 90% for over 2 minutes.",
    "summary": "High system CPU usage"
  },
  "externalURL": "http://localhost:9093",
  "version": "4",
  "groupKey": "{}:{alertname=\"SystemHighCPU\"}",
  "truncatedAlerts": 0
}
2025-11-08 12:51:22,474 - INFO - Processing alert: SystemHighCPU with status: firing
2025-11-08 13:51:22,961 - INFO - Received webhook: {
  "receiver": "webhook",
  "status": "firing",
  "alerts": [
    {
      "status": "firing",
      "labels": {
        "alertname": "SystemHighCPU",
        "instance": "node-exporter:9100",
        "severity": "warning"
      },
      "annotations": {
        "description": "Host CPU usage is above 90% for over 2 minutes.",
        "summary": "High system CPU usage"
      },
      "startsAt": "2025-11-08T09:51:10.846Z",
      "endsAt": "0001-01-01T00:00:00Z",
      "generatorURL": "http://5ca2715e7212:9090/graph?g0.expr=100+-+%28avg+by+%28instance%29+%28rate%28node_cpu_seconds_total%7Bmode%3D%22idle%22%7D%5B5m%5D%29%29+%2A+100%29+%3E+90&g0.tab=1",
      "fingerprint": "4d8b8e6ef104084b"
    }
  ],
  "groupLabels": {
    "alertname": "SystemHighCPU"
  },
  "commonLabels": {
    "alertname": "SystemHighCPU",
    "instance": "node-exporter:9100",
    "severity": "warning"
  },
  "commonAnnotations": {
    "description": "Host CPU usage is above 90% for over 2 minutes.",
    "summary": "High system CPU usage"
  },
  "externalURL": "http://localhost:9093",
  "version": "4",
  "groupKey": "{}:{alertname=\"SystemHighCPU\"}",
  "truncatedAlerts": 0
}
2025-11-08 13:51:22,961 - INFO - Processing alert: SystemHighCPU with status: firing
2025-11-08 14:51:23,756 - INFO - Received webhook: {
  "receiver": "webhook",
  "status": "firing",
  "alerts": [
    {
      "status": "firing",
      "labels": {
        "alertname": "SystemHighCPU",
        "instance": "node-exporter:9100",
        "severity": "warning"
      },
      "annotations": {
        "description": "Host CPU usage is above 90% for over 2 minutes.",
        "summary": "High system CPU usage"
      },
      "startsAt": "2025-11-08T09:51:10.846Z",
      "endsAt": "0001-01-01T00:00:00Z",
      "generatorURL": "http://5ca2715e7212:9090/graph?g0.expr=100+-+%28avg+by+%28instance%29+%28rate%28node_cpu_seconds_total%7Bmode%3D%22idle%22%7D%5B5m%5D%29%29+%2A+100%29+%3E+90&g0.tab=1",
      "fingerprint": "4d8b8e6ef104084b"
    }
  ],
  "groupLabels": {
    "alertname": "SystemHighCPU"
  },
  "commonLabels": {
    "alertname": "SystemHighCPU",
    "instance": "node-exporter:9100",
    "severity": "warning"
  },
  "commonAnnotations": {
    "description": "Host CPU usage is above 90% for over 2 minutes.",
    "summary": "High system CPU usage"
  },
  "externalURL": "http://localhost:9093",
  "version": "4",
  "groupKey": "{}:{alertname=\"SystemHighCPU\"}",
  "truncatedAlerts": 0
}
2025-11-08 14:51:23,756 - INFO - Processing alert: SystemHighCPU with status: firing
2025-11-08 15:51:24,557 - INFO - Received webhook: {
  "receiver": "webhook",
  "status": "firing",
  "alerts": [
    {
      "status": "firing",
      "labels": {
        "alertname": "SystemHighCPU",
        "instance": "node-exporter:9100",
        "severity": "warning"
      },
      "annotations": {
        "description": "Host CPU usage is above 90% for over 2 minutes.",
        "summary": "High system CPU usage"
      },
      "startsAt": "2025-11-08T09:51:10.846Z",
      "endsAt": "0001-01-01T00:00:00Z",
      "generatorURL": "http://5ca2715e7212:9090/graph?g0.expr=100+-+%28avg+by+%28instance%29+%28rate%28node_cpu_seconds_total%7Bmode%3D%22idle%22%7D%5B5m%5D%29%29+%2A+100%29+%3E+90&g0.tab=1",
      "fingerprint": "4d8b8e6ef104084b"
    }
  ],
  "groupLabels": {
    "alertname": "SystemHighCPU"
  },
  "commonLabels": {
    "alertname": "SystemHighCPU",
    "instance": "node-exporter:9100",
    "severity": "warning"
  },
  "commonAnnotations": {
    "description": "Host CPU usage is above 90% for over 2 minutes.",
    "summary": "High system CPU usage"
  },
  "externalURL": "http://localhost:9093",
  "version": "4",
  "groupKey": "{}:{alertname=\"SystemHighCPU\"}",
  "truncatedAlerts": 0
}
2025-11-08 15:51:24,557 - INFO - Processing alert: SystemHighCPU with status: firing
2025-11-08 16:51:25,352 - INFO - Received webhook: {
  "receiver": "webhook",
  "status": "firing",
  "alerts": [
    {
      "status": "firing",
      "labels": {
        "alertname": "SystemHighCPU",
        "instance": "node-exporter:9100",
        "severity": "warning"
      },
      "annotations": {
        "description": "Host CPU usage is above 90% for over 2 minutes.",
        "summary": "High system CPU usage"
      },
      "startsAt": "2025-11-08T09:51:10.846Z",
      "endsAt": "0001-01-01T00:00:00Z",
      "generatorURL": "http://5ca2715e7212:9090/graph?g0.expr=100+-+%28avg+by+%28instance%29+%28rate%28node_cpu_seconds_total%7Bmode%3D%22idle%22%7D%5B5m%5D%29%29+%2A+100%29+%3E+90&g0.tab=1",
      "fingerprint": "4d8b8e6ef104084b"
    }
  ],
  "groupLabels": {
    "alertname": "SystemHighCPU"
  },
  "commonLabels": {
    "alertname": "SystemHighCPU",
    "instance": "node-exporter:9100",
    "severity": "warning"
  },
  "commonAnnotations": {
    "description": "Host CPU usage is above 90% for over 2 minutes.",
    "summary": "High system CPU usage"
  },
  "externalURL": "http://localhost:9093",
  "version": "4",
  "groupKey": "{}:{alertname=\"SystemHighCPU\"}",
  "truncatedAlerts": 0
}
2025-11-08 16:51:25,353 - INFO - Processing alert: SystemHighCPU with status: firing
2025-11-08 17:51:25,919 - INFO - Received webhook: {
  "receiver": "webhook",
  "status": "firing",
  "alerts": [
    {
      "status": "firing",
      "labels": {
        "alertname": "SystemHighCPU",
        "instance": "node-exporter:9100",
        "severity": "warning"
      },
      "annotations": {
        "description": "Host CPU usage is above 90% for over 2 minutes.",
        "summary": "High system CPU usage"
      },
      "startsAt": "2025-11-08T09:51:10.846Z",
      "endsAt": "0001-01-01T00:00:00Z",
      "generatorURL": "http://5ca2715e7212:9090/graph?g0.expr=100+-+%28avg+by+%28instance%29+%28rate%28node_cpu_seconds_total%7Bmode%3D%22idle%22%7D%5B5m%5D%29%29+%2A+100%29+%3E+90&g0.tab=1",
      "fingerprint": "4d8b8e6ef104084b"
    }
  ],
  "groupLabels": {
    "alertname": "SystemHighCPU"
  },
  "commonLabels": {
    "alertname": "SystemHighCPU",
    "instance": "node-exporter:9100",
    "severity": "warning"
  },
  "commonAnnotations": {
    "description": "Host CPU usage is above 90% for over 2 minutes.",
    "summary": "High system CPU usage"
  },
  "externalURL": "http://localhost:9093",
  "version": "4",
  "groupKey": "{}:{alertname=\"SystemHighCPU\"}",
  "truncatedAlerts": 0
}
2025-11-08 17:51:25,919 - INFO - Processing alert: SystemHighCPU with status: firing
2025-11-08 18:51:26,638 - INFO - Received webhook: {
  "receiver": "webhook",
  "status": "firing",
  "alerts": [
    {
      "status": "firing",
      "labels": {
        "alertname": "SystemHighCPU",
        "instance": "node-exporter:9100",
        "severity": "warning"
      },
      "annotations": {
        "description": "Host CPU usage is above 90% for over 2 minutes.",
        "summary": "High system CPU usage"
      },
      "startsAt": "2025-11-08T09:51:10.846Z",
      "endsAt": "0001-01-01T00:00:00Z",
      "generatorURL": "http://5ca2715e7212:9090/graph?g0.expr=100+-+%28avg+by+%28instance%29+%28rate%28node_cpu_seconds_total%7Bmode%3D%22idle%22%7D%5B5m%5D%29%29+%2A+100%29+%3E+90&g0.tab=1",
      "fingerprint": "4d8b8e6ef104084b"
    }
  ],
  "groupLabels": {
    "alertname": "SystemHighCPU"
  },
  "commonLabels": {
    "alertname": "SystemHighCPU",
    "instance": "node-exporter:9100",
    "severity": "warning"
  },
  "commonAnnotations": {
    "description": "Host CPU usage is above 90% for over 2 minutes.",
    "summary": "High system CPU usage"
  },
  "externalURL": "http://localhost:9093",
  "version": "4",
  "groupKey": "{}:{alertname=\"SystemHighCPU\"}",
  "truncatedAlerts": 0
}
2025-11-08 18:51:26,639 - INFO - Processing alert: SystemHighCPU with status: firing
2025-11-08 19:51:27,359 - INFO - Received webhook: {
  "receiver": "webhook",
  "status": "firing",
  "alerts": [
    {
      "status": "firing",
      "labels": {
        "alertname": "SystemHighCPU",
        "instance": "node-exporter:9100",
        "severity": "warning"
      },
      "annotations": {
        "description": "Host CPU usage is above 90% for over 2 minutes.",
        "summary": "High system CPU usage"
      },
      "startsAt": "2025-11-08T09:51:10.846Z",
      "endsAt": "0001-01-01T00:00:00Z",
      "generatorURL": "http://5ca2715e7212:9090/graph?g0.expr=100+-+%28avg+by+%28instance%29+%28rate%28node_cpu_seconds_total%7Bmode%3D%22idle%22%7D%5B5m%5D%29%29+%2A+100%29+%3E+90&g0.tab=1",
      "fingerprint": "4d8b8e6ef104084b"
    }
  ],
  "groupLabels": {
    "alertname": "SystemHighCPU"
  },
  "commonLabels": {
    "alertname": "SystemHighCPU",
    "instance": "node-exporter:9100",
    "severity": "warning"
  },
  "commonAnnotations": {
    "description": "Host CPU usage is above 90% for over 2 minutes.",
    "summary": "High system CPU usage"
  },
  "externalURL": "http://localhost:9093",
  "version": "4",
  "groupKey": "{}:{alertname=\"SystemHighCPU\"}",
  "truncatedAlerts": 0
}
2025-11-08 19:51:27,360 - INFO - Processing alert: SystemHighCPU with status: firing
2025-11-08 20:51:28,079 - INFO - Received webhook: {
  "receiver": "webhook",
  "status": "firing",
  "alerts": [
    {
      "status": "firing",
      "labels": {
        "alertname": "SystemHighCPU",
        "instance": "node-exporter:9100",
        "severity": "warning"
      },
      "annotations": {
        "description": "Host CPU usage is above 90% for over 2 minutes.",
        "summary": "High system CPU usage"
      },
      "startsAt": "2025-11-08T09:51:10.846Z",
      "endsAt": "0001-01-01T00:00:00Z",
      "generatorURL": "http://5ca2715e7212:9090/graph?g0.expr=100+-+%28avg+by+%28instance%29+%28rate%28node_cpu_seconds_total%7Bmode%3D%22idle%22%7D%5B5m%5D%29%29+%2A+100%29+%3E+90&g0.tab=1",
      "fingerprint": "4d8b8e6ef104084b"
    }
  ],
  "groupLabels": {
    "alertname": "SystemHighCPU"
  },
  "commonLabels": {
    "alertname": "SystemHighCPU",
    "instance": "node-exporter:9100",
    "severity": "warning"
  },
  "commonAnnotations": {
    "description": "Host CPU usage is above 90% for over 2 minutes.",
    "summary": "High system CPU usage"
  },
  "externalURL": "http://localhost:9093",
  "version": "4",
  "groupKey": "{}:{alertname=\"SystemHighCPU\"}",
  "truncatedAlerts": 0
}
2025-11-08 20:51:28,079 - INFO - Processing alert: SystemHighCPU with status: firing
2025-11-08 21:51:28,795 - INFO - Received webhook: {
  "receiver": "webhook",
  "status": "firing",
  "alerts": [
    {
      "status": "firing",
      "labels": {
        "alertname": "SystemHighCPU",
        "instance": "node-exporter:9100",
        "severity": "warning"
      },
      "annotations": {
        "description": "Host CPU usage is above 90% for over 2 minutes.",
        "summary": "High system CPU usage"
      },
      "startsAt": "2025-11-08T09:51:10.846Z",
      "endsAt": "0001-01-01T00:00:00Z",
      "generatorURL": "http://5ca2715e7212:9090/graph?g0.expr=100+-+%28avg+by+%28instance%29+%28rate%28node_cpu_seconds_total%7Bmode%3D%22idle%22%7D%5B5m%5D%29%29+%2A+100%29+%3E+90&g0.tab=1",
      "fingerprint": "4d8b8e6ef104084b"
    }
  ],
  "groupLabels": {
    "alertname": "SystemHighCPU"
  },
  "commonLabels": {
    "alertname": "SystemHighCPU",
    "instance": "node-exporter:9100",
    "severity": "warning"
  },
  "commonAnnotations": {
    "description": "Host CPU usage is above 90% for over 2 minutes.",
    "summary": "High system CPU usage"
  },
  "externalURL": "http://localhost:9093",
  "version": "4",
  "groupKey": "{}:{alertname=\"SystemHighCPU\"}",
  "truncatedAlerts": 0
}
2025-11-08 21:51:28,795 - INFO - Processing alert: SystemHighCPU with status: firing
2025-11-08 22:51:29,519 - INFO - Received webhook: {
  "receiver": "webhook",
  "status": "firing",
  "alerts": [
    {
      "status": "firing",
      "labels": {
        "alertname": "SystemHighCPU",
        "instance": "node-exporter:9100",
        "severity": "warning"
      },
      "annotations": {
        "description": "Host CPU usage is above 90% for over 2 minutes.",
        "summary": "High system CPU usage"
      },
      "startsAt": "2025-11-08T09:51:10.846Z",
      "endsAt": "0001-01-01T00:00:00Z",
      "generatorURL": "http://5ca2715e7212:9090/graph?g0.expr=100+-+%28avg+by+%28instance%29+%28rate%28node_cpu_seconds_total%7Bmode%3D%22idle%22%7D%5B5m%5D%29%29+%2A+100%29+%3E+90&g0.tab=1",
      "fingerprint": "4d8b8e6ef104084b"
    }
  ],
  "groupLabels": {
    "alertname": "SystemHighCPU"
  },
  "commonLabels": {
    "alertname": "SystemHighCPU",
    "instance": "node-exporter:9100",
    "severity": "warning"
  },
  "commonAnnotations": {
    "description": "Host CPU usage is above 90% for over 2 minutes.",
    "summary": "High system CPU usage"
  },
  "externalURL": "http://localhost:9093",
  "version": "4",
  "groupKey": "{}:{alertname=\"SystemHighCPU\"}",
  "truncatedAlerts": 0
}
2025-11-08 22:51:29,519 - INFO - Processing alert: SystemHighCPU with status: firing
2025-11-08 23:51:30,321 - INFO - Received webhook: {
  "receiver": "webhook",
  "status": "firing",
  "alerts": [
    {
      "status": "firing",
      "labels": {
        "alertname": "SystemHighCPU",
        "instance": "node-exporter:9100",
        "severity": "warning"
      },
      "annotations": {
        "description": "Host CPU usage is above 90% for over 2 minutes.",
        "summary": "High system CPU usage"
      },
      "startsAt": "2025-11-08T09:51:10.846Z",
      "endsAt": "0001-01-01T00:00:00Z",
      "generatorURL": "http://5ca2715e7212:9090/graph?g0.expr=100+-+%28avg+by+%28instance%29+%28rate%28node_cpu_seconds_total%7Bmode%3D%22idle%22%7D%5B5m%5D%29%29+%2A+100%29+%3E+90&g0.tab=1",
      "fingerprint": "4d8b8e6ef104084b"
    }
  ],
  "groupLabels": {
    "alertname": "SystemHighCPU"
  },
  "commonLabels": {
    "alertname": "SystemHighCPU",
    "instance": "node-exporter:9100",
    "severity": "warning"
  },
  "commonAnnotations": {
    "description": "Host CPU usage is above 90% for over 2 minutes.",
    "summary": "High system CPU usage"
  },
  "externalURL": "http://localhost:9093",
  "version": "4",
  "groupKey": "{}:{alertname=\"SystemHighCPU\"}",
  "truncatedAlerts": 0
}
2025-11-08 23:51:30,321 - INFO - Processing alert: SystemHighCPU with status: firing
2025-11-09 00:51:31,192 - INFO - Received webhook: {
  "receiver": "webhook",
  "status": "firing",
  "alerts": [
    {
      "status": "firing",
      "labels": {
        "alertname": "SystemHighCPU",
        "instance": "node-exporter:9100",
        "severity": "warning"
      },
      "annotations": {
        "description": "Host CPU usage is above 90% for over 2 minutes.",
        "summary": "High system CPU usage"
      },
      "startsAt": "2025-11-08T09:51:10.846Z",
      "endsAt": "0001-01-01T00:00:00Z",
      "generatorURL": "http://5ca2715e7212:9090/graph?g0.expr=100+-+%28avg+by+%28instance%29+%28rate%28node_cpu_seconds_total%7Bmode%3D%22idle%22%7D%5B5m%5D%29%29+%2A+100%29+%3E+90&g0.tab=1",
      "fingerprint": "4d8b8e6ef104084b"
    }
  ],
  "groupLabels": {
    "alertname": "SystemHighCPU"
  },
  "commonLabels": {
    "alertname": "SystemHighCPU",
    "instance": "node-exporter:9100",
    "severity": "warning"
  },
  "commonAnnotations": {
    "description": "Host CPU usage is above 90% for over 2 minutes.",
    "summary": "High system CPU usage"
  },
  "externalURL": "http://localhost:9093",
  "version": "4",
  "groupKey": "{}:{alertname=\"SystemHighCPU\"}",
  "truncatedAlerts": 0
}
2025-11-09 00:51:31,193 - INFO - Processing alert: SystemHighCPU with status: firing
2025-11-09 01:51:31,835 - INFO - Received webhook: {
  "receiver": "webhook",
  "status": "firing",
  "alerts": [
    {
      "status": "firing",
      "labels": {
        "alertname": "SystemHighCPU",
        "instance": "node-exporter:9100",
        "severity": "warning"
      },
      "annotations": {
        "description": "Host CPU usage is above 90% for over 2 minutes.",
        "summary": "High system CPU usage"
      },
      "startsAt": "2025-11-08T09:51:10.846Z",
      "endsAt": "0001-01-01T00:00:00Z",
      "generatorURL": "http://5ca2715e7212:9090/graph?g0.expr=100+-+%28avg+by+%28instance%29+%28rate%28node_cpu_seconds_total%7Bmode%3D%22idle%22%7D%5B5m%5D%29%29+%2A+100%29+%3E+90&g0.tab=1",
      "fingerprint": "4d8b8e6ef104084b"
    }
  ],
  "groupLabels": {
    "alertname": "SystemHighCPU"
  },
  "commonLabels": {
    "alertname": "SystemHighCPU",
    "instance": "node-exporter:9100",
    "severity": "warning"
  },
  "commonAnnotations": {
    "description": "Host CPU usage is above 90% for over 2 minutes.",
    "summary": "High system CPU usage"
  },
  "externalURL": "http://localhost:9093",
  "version": "4",
  "groupKey": "{}:{alertname=\"SystemHighCPU\"}",
  "truncatedAlerts": 0
}
2025-11-09 01:51:31,835 - INFO - Processing alert: SystemHighCPU with status: firing
2025-11-09 02:51:32,560 - INFO - Received webhook: {
  "receiver": "webhook",
  "status": "firing",
  "alerts": [
    {
      "status": "firing",
      "labels": {
        "alertname": "SystemHighCPU",
        "instance": "node-exporter:9100",
        "severity": "warning"
      },
      "annotations": {
        "description": "Host CPU usage is above 90% for over 2 minutes.",
        "summary": "High system CPU usage"
      },
      "startsAt": "2025-11-08T09:51:10.846Z",
      "endsAt": "0001-01-01T00:00:00Z",
      "generatorURL": "http://5ca2715e7212:9090/graph?g0.expr=100+-+%28avg+by+%28instance%29+%28rate%28node_cpu_seconds_total%7Bmode%3D%22idle%22%7D%5B5m%5D%29%29+%2A+100%29+%3E+90&g0.tab=1",
      "fingerprint": "4d8b8e6ef104084b"
    }
  ],
  "groupLabels": {
    "alertname": "SystemHighCPU"
  },
  "commonLabels": {
    "alertname": "SystemHighCPU",
    "instance": "node-exporter:9100",
    "severity": "warning"
  },
  "commonAnnotations": {
    "description": "Host CPU usage is above 90% for over 2 minutes.",
    "summary": "High system CPU usage"
  },
  "externalURL": "http://localhost:9093",
  "version": "4",
  "groupKey": "{}:{alertname=\"SystemHighCPU\"}",
  "truncatedAlerts": 0
}
2025-11-09 02:51:32,560 - INFO - Processing alert: SystemHighCPU with status: firing
